- Processing the image:

C:/Users/Renato/Downloads/18362.30.190401-1528.19h1_release_svc_refresh_CLIENTENTERPRISEEVAL_OEMRET_x64FRE_en-us.iso

- Initial optical drives

DeviceID Size       VolumeName             Description
-------- ----       ----------             -----------
D:                                         CD-ROM Disc
E:       4439830528 CENA_X64FREE_EN-US_DV9 CD-ROM Disc


- Details of the image


Attached          : True
BlockSize         : 0
DevicePath        : \\.\CDROM1
FileSize          : 4439830528
ImagePath         : C:/Users/Renato/Downloads/18362.30.190401-1528.19h1_release_svc_refresh_CLIENTENTERPRISEEVAL_OEMRET_x64FRE_en-us.iso
LogicalSectorSize : 2048
Number            : 1
Size              : 4439830528
StorageType       : 1
PSComputerName    : 



- Mount the ISO image


Attached          : True
BlockSize         : 0
DevicePath        : \\.\CDROM1
FileSize          : 4439830528
ImagePath         : C:/Users/Renato/Downloads/18362.30.190401-1528.19h1_release_svc_refresh_CLIENTENTERPRISEEVAL_OEMRET_x64FRE_en-us.iso
LogicalSectorSize : 2048
Number            : 1
Size              : 4439830528
StorageType       : 1
PSComputerName    : 

- Final optical drives



DeviceID Size       VolumeName             Description
-------- ----       ----------             -----------
D:                                         CD-ROM Disc
E:       4439830528 CENA_X64FREE_EN-US_DV9 CD-ROM Disc
H:       4439830528 CENA_X64FREE_EN-US_DV9 CD-ROM Disc


- Drive letters diff

InputObject SideIndicator
----------- -------------
          H =>           


.

real	0m3.273s
user	0m0.000s
sys	0m0.000s
